<?xml version="1.0" encoding="UTF-8"?>
<testsuite name="com.csc.TestGroceryCounter" tests="2" skipped="0" failures="0" errors="0" timestamp="2024-09-22T00:06:02" hostname="DESKTOP-H3UO8NH" time="0.015">
  <properties/>
  <testcase name="checkDefaultValue()" classname="com.csc.TestGroceryCounter" time="0.013"/>
  <testcase name="itWorks()" classname="com.csc.TestGroceryCounter" time="0.001"/>
  <system-out><![CDATA[]]></system-out>
  <system-err><![CDATA[]]></system-err>
</testsuite>
